[debug] [2021-04-19T23:44:45.222Z] ----------------------------------------------------------------------
[debug] [2021-04-19T23:44:45.226Z] Command:       C:\Program Files\nodejs\node.exe C:\Users\Livin\AppData\Roaming\npm\node_modules\firebase-tools\lib\bin\firebase.js emulators:start --only functions
[debug] [2021-04-19T23:44:45.227Z] CLI Version:   9.10.0
[debug] [2021-04-19T23:44:45.227Z] Platform:      win32
[debug] [2021-04-19T23:44:45.227Z] Node Version:  v14.16.0
[debug] [2021-04-19T23:44:45.230Z] Time:          Mon Apr 19 2021 18:44:45 GMT-0500 (Central Daylight Time)
[debug] [2021-04-19T23:44:45.230Z] ----------------------------------------------------------------------
[debug] 
[debug] [2021-04-19T23:44:45.256Z] > command requires scopes: ["email","openid","https://www.googleapis.com/auth/cloudplatformprojects.readonly","https://www.googleapis.com/auth/firebase","https://www.googleapis.com/auth/cloud-platform"]
[debug] [2021-04-19T23:44:45.257Z] > authorizing via signed-in user (lrappette@consult-cts.com)
[info] i  emulators: Starting emulators: functions {"metadata":{"emulator":{"name":"hub"},"message":"Starting emulators: functions"}}
[debug] [2021-04-19T23:44:45.357Z] [hub] writing locator at C:\Users\Livin\AppData\Local\Temp\hub-bakely-server.json
[warn] !  functions: The following emulators are not running, calls to these services from the Functions emulator will affect production: auth, firestore, database, hosting, pubsub {"metadata":{"emulator":{"name":"functions"},"message":"The following emulators are not running, calls to these services from the Functions emulator will affect production: \u001b[1mauth, firestore, database, hosting, pubsub\u001b[22m"}}
[info] +  functions: Using node@14 from host. {"metadata":{"emulator":{"name":"functions"},"message":"Using node@14 from host."}}
[debug] [2021-04-19T23:44:45.395Z] defaultcredentials: writing to file C:\Users\Livin\AppData\Roaming\firebase\lrappette_consult-cts_com_application_default_credentials.json
[debug] [2021-04-19T23:44:45.399Z] Setting GAC to C:\Users\Livin\AppData\Roaming\firebase\lrappette_consult-cts_com_application_default_credentials.json {"metadata":{"emulator":{"name":"functions"},"message":"Setting GAC to C:\\Users\\Livin\\AppData\\Roaming\\firebase\\lrappette_consult-cts_com_application_default_credentials.json"}}
[debug] [2021-04-19T23:44:45.410Z] >>> [apiv2][query] GET https://firebase.googleapis.com/v1beta1/projects/bakely-server/adminSdkConfig [none]
[debug] [2021-04-19T23:44:45.665Z] <<< [apiv2][status] GET https://firebase.googleapis.com/v1beta1/projects/bakely-server/adminSdkConfig 200
[debug] [2021-04-19T23:44:45.666Z] <<< [apiv2][body] GET https://firebase.googleapis.com/v1beta1/projects/bakely-server/adminSdkConfig {"projectId":"bakely-server","databaseURL":"https://bakely-server-default-rtdb.firebaseio.com","storageBucket":"bakely-server.appspot.com","locationId":"us-central"}
[debug] [2021-04-19T23:44:45.965Z] Ignoring unsupported arg: auto_download {"metadata":{"emulator":{"name":"ui"},"message":"Ignoring unsupported arg: auto_download"}}
[debug] [2021-04-19T23:44:45.965Z] Ignoring unsupported arg: port {"metadata":{"emulator":{"name":"ui"},"message":"Ignoring unsupported arg: port"}}
[debug] [2021-04-19T23:44:45.966Z] Starting Emulator UI with command {"binary":"node","args":["C:\\Users\\Livin\\.cache\\firebase\\emulators\\ui-v1.4.2\\server.bundle.js"],"optionalArgs":[],"joinArgs":false} {"metadata":{"emulator":{"name":"ui"},"message":"Starting Emulator UI with command {\"binary\":\"node\",\"args\":[\"C:\\\\Users\\\\Livin\\\\.cache\\\\firebase\\\\emulators\\\\ui-v1.4.2\\\\server.bundle.js\"],\"optionalArgs\":[],\"joinArgs\":false}"}}
[info] i  ui: Emulator UI logging to ui-debug.log {"metadata":{"emulator":{"name":"ui"},"message":"Emulator UI logging to \u001b[1mui-debug.log\u001b[22m"}}
[debug] [2021-04-19T23:44:46.287Z] Web / API server started at http://localhost:4000
 {"metadata":{"emulator":{"name":"ui"},"message":"Web / API server started at http://localhost:4000\n"}}
[info] i  functions: Watching "C:\Users\Livin\Documents\GitHub\Bakely\bakely-react\functions" for Cloud Functions... {"metadata":{"emulator":{"name":"functions"},"message":"Watching \"C:\\Users\\Livin\\Documents\\GitHub\\Bakely\\bakely-react\\functions\" for Cloud Functions..."}}
[debug] [2021-04-19T23:44:46.539Z] [worker-pool] addWorker(~diagnostic~) {"metadata":{"emulator":{"name":"functions"},"message":"[worker-pool] addWorker(~diagnostic~)"}}
[debug] [2021-04-19T23:44:46.540Z] [worker-pool] Adding worker with key ~diagnostic~, total=1 {"metadata":{"emulator":{"name":"functions"},"message":"[worker-pool] Adding worker with key ~diagnostic~, total=1"}}
[debug] [2021-04-19T23:44:46.541Z] [worker-pool] submitWork(triggerId=) {"metadata":{"emulator":{"name":"functions"},"message":"[worker-pool] submitWork(triggerId=)"}}
[debug] [2021-04-19T23:44:46.542Z] [worker-~diagnostic~-7cc49fd3-32fa-4ee9-9452-1432d32fb305]: Assigning socketPath: \\?\pipe\C:\Users\Livin\Documents\GitHub\Bakely\bakely-react\functions\5128 {"metadata":{"emulator":{"name":"functions"},"message":"[worker-~diagnostic~-7cc49fd3-32fa-4ee9-9452-1432d32fb305]: Assigning socketPath: \\\\?\\pipe\\C:\\Users\\Livin\\Documents\\GitHub\\Bakely\\bakely-react\\functions\\5128"}}
[debug] [2021-04-19T23:44:46.544Z] [worker-~diagnostic~-7cc49fd3-32fa-4ee9-9452-1432d32fb305]: BUSY {"metadata":{"emulator":{"name":"functions"},"message":"[worker-~diagnostic~-7cc49fd3-32fa-4ee9-9452-1432d32fb305]: BUSY"}}
[debug] [2021-04-19T23:44:47.258Z] [runtime-status] [5128] Functions runtime initialized. {"cwd":"C:\\Users\\Livin\\Documents\\GitHub\\Bakely\\bakely-react\\functions","node_version":"14.16.0"} {"metadata":{"emulator":{"name":"functions"},"message":"[runtime-status] [5128] Functions runtime initialized. {\"cwd\":\"C:\\\\Users\\\\Livin\\\\Documents\\\\GitHub\\\\Bakely\\\\bakely-react\\\\functions\",\"node_version\":\"14.16.0\"}"}}
[debug] [2021-04-19T23:44:47.259Z] [runtime-status] [5128] Disabled runtime features: undefined {"metadata":{"emulator":{"name":"functions"},"message":"[runtime-status] [5128] Disabled runtime features: undefined"}}
[debug] [2021-04-19T23:44:47.268Z] [runtime-status] [5128] Resolved module firebase-admin {"declared":true,"installed":true,"version":"9.5.0","resolution":"C:\\Users\\Livin\\Documents\\GitHub\\Bakely\\bakely-react\\functions\\node_modules\\firebase-admin\\lib\\index.js"} {"metadata":{"emulator":{"name":"functions"},"message":"[runtime-status] [5128] Resolved module firebase-admin {\"declared\":true,\"installed\":true,\"version\":\"9.5.0\",\"resolution\":\"C:\\\\Users\\\\Livin\\\\Documents\\\\GitHub\\\\Bakely\\\\bakely-react\\\\functions\\\\node_modules\\\\firebase-admin\\\\lib\\\\index.js\"}"}}
[debug] [2021-04-19T23:44:47.273Z] [runtime-status] [5128] Resolved module firebase-functions {"declared":true,"installed":true,"version":"3.13.2","resolution":"C:\\Users\\Livin\\Documents\\GitHub\\Bakely\\bakely-react\\functions\\node_modules\\firebase-functions\\lib\\index.js"} {"metadata":{"emulator":{"name":"functions"},"message":"[runtime-status] [5128] Resolved module firebase-functions {\"declared\":true,\"installed\":true,\"version\":\"3.13.2\",\"resolution\":\"C:\\\\Users\\\\Livin\\\\Documents\\\\GitHub\\\\Bakely\\\\bakely-react\\\\functions\\\\node_modules\\\\firebase-functions\\\\lib\\\\index.js\"}"}}
[debug] [2021-04-19T23:44:47.279Z] [runtime-status] [5128] Resolved module firebase-functions {"declared":true,"installed":true,"version":"3.13.2","resolution":"C:\\Users\\Livin\\Documents\\GitHub\\Bakely\\bakely-react\\functions\\node_modules\\firebase-functions\\lib\\index.js"} {"metadata":{"emulator":{"name":"functions"},"message":"[runtime-status] [5128] Resolved module firebase-functions {\"declared\":true,\"installed\":true,\"version\":\"3.13.2\",\"resolution\":\"C:\\\\Users\\\\Livin\\\\Documents\\\\GitHub\\\\Bakely\\\\bakely-react\\\\functions\\\\node_modules\\\\firebase-functions\\\\lib\\\\index.js\"}"}}
[debug] [2021-04-19T23:44:47.285Z] [runtime-status] [5128] Outgoing network have been stubbed. [{"name":"http","status":"mocked"},{"name":"http","status":"mocked"},{"name":"https","status":"mocked"},{"name":"https","status":"mocked"},{"name":"net","status":"mocked"}] {"metadata":{"emulator":{"name":"functions"},"message":"[runtime-status] [5128] Outgoing network have been stubbed. [{\"name\":\"http\",\"status\":\"mocked\"},{\"name\":\"http\",\"status\":\"mocked\"},{\"name\":\"https\",\"status\":\"mocked\"},{\"name\":\"https\",\"status\":\"mocked\"},{\"name\":\"net\",\"status\":\"mocked\"}]"}}
[debug] [2021-04-19T23:44:47.288Z] [runtime-status] [5128] Resolved module firebase-functions {"declared":true,"installed":true,"version":"3.13.2","resolution":"C:\\Users\\Livin\\Documents\\GitHub\\Bakely\\bakely-react\\functions\\node_modules\\firebase-functions\\lib\\index.js"} {"metadata":{"emulator":{"name":"functions"},"message":"[runtime-status] [5128] Resolved module firebase-functions {\"declared\":true,\"installed\":true,\"version\":\"3.13.2\",\"resolution\":\"C:\\\\Users\\\\Livin\\\\Documents\\\\GitHub\\\\Bakely\\\\bakely-react\\\\functions\\\\node_modules\\\\firebase-functions\\\\lib\\\\index.js\"}"}}
[debug] [2021-04-19T23:44:47.415Z] [runtime-status] [5128] Checked functions.config() {"config":{}} {"metadata":{"emulator":{"name":"functions"},"message":"[runtime-status] [5128] Checked functions.config() {\"config\":{}}"}}
[debug] [2021-04-19T23:44:47.416Z] [runtime-status] [5128] firebase-functions has been stubbed. {"functionsResolution":{"declared":true,"installed":true,"version":"3.13.2","resolution":"C:\\Users\\Livin\\Documents\\GitHub\\Bakely\\bakely-react\\functions\\node_modules\\firebase-functions\\lib\\index.js"}} {"metadata":{"emulator":{"name":"functions"},"message":"[runtime-status] [5128] firebase-functions has been stubbed. {\"functionsResolution\":{\"declared\":true,\"installed\":true,\"version\":\"3.13.2\",\"resolution\":\"C:\\\\Users\\\\Livin\\\\Documents\\\\GitHub\\\\Bakely\\\\bakely-react\\\\functions\\\\node_modules\\\\firebase-functions\\\\lib\\\\index.js\"}}"}}
[debug] [2021-04-19T23:44:47.418Z] [runtime-status] [5128] Resolved module firebase-functions {"declared":true,"installed":true,"version":"3.13.2","resolution":"C:\\Users\\Livin\\Documents\\GitHub\\Bakely\\bakely-react\\functions\\node_modules\\firebase-functions\\lib\\index.js"} {"metadata":{"emulator":{"name":"functions"},"message":"[runtime-status] [5128] Resolved module firebase-functions {\"declared\":true,\"installed\":true,\"version\":\"3.13.2\",\"resolution\":\"C:\\\\Users\\\\Livin\\\\Documents\\\\GitHub\\\\Bakely\\\\bakely-react\\\\functions\\\\node_modules\\\\firebase-functions\\\\lib\\\\index.js\"}"}}
[debug] [2021-04-19T23:44:47.424Z] [runtime-status] [5128] Resolved module firebase-admin {"declared":true,"installed":true,"version":"9.5.0","resolution":"C:\\Users\\Livin\\Documents\\GitHub\\Bakely\\bakely-react\\functions\\node_modules\\firebase-admin\\lib\\index.js"} {"metadata":{"emulator":{"name":"functions"},"message":"[runtime-status] [5128] Resolved module firebase-admin {\"declared\":true,\"installed\":true,\"version\":\"9.5.0\",\"resolution\":\"C:\\\\Users\\\\Livin\\\\Documents\\\\GitHub\\\\Bakely\\\\bakely-react\\\\functions\\\\node_modules\\\\firebase-admin\\\\lib\\\\index.js\"}"}}
[debug] [2021-04-19T23:44:47.427Z] [runtime-status] [5128] Resolved module firebase-functions {"declared":true,"installed":true,"version":"3.13.2","resolution":"C:\\Users\\Livin\\Documents\\GitHub\\Bakely\\bakely-react\\functions\\node_modules\\firebase-functions\\lib\\index.js"} {"metadata":{"emulator":{"name":"functions"},"message":"[runtime-status] [5128] Resolved module firebase-functions {\"declared\":true,\"installed\":true,\"version\":\"3.13.2\",\"resolution\":\"C:\\\\Users\\\\Livin\\\\Documents\\\\GitHub\\\\Bakely\\\\bakely-react\\\\functions\\\\node_modules\\\\firebase-functions\\\\lib\\\\index.js\"}"}}
[debug] [2021-04-19T23:44:47.428Z] [runtime-status] [5128] firebase-admin has been stubbed. {"adminResolution":{"declared":true,"installed":true,"version":"9.5.0","resolution":"C:\\Users\\Livin\\Documents\\GitHub\\Bakely\\bakely-react\\functions\\node_modules\\firebase-admin\\lib\\index.js"}} {"metadata":{"emulator":{"name":"functions"},"message":"[runtime-status] [5128] firebase-admin has been stubbed. {\"adminResolution\":{\"declared\":true,\"installed\":true,\"version\":\"9.5.0\",\"resolution\":\"C:\\\\Users\\\\Livin\\\\Documents\\\\GitHub\\\\Bakely\\\\bakely-react\\\\functions\\\\node_modules\\\\firebase-admin\\\\lib\\\\index.js\"}}"}}
[debug] [2021-04-19T23:44:47.435Z] [runtime-status] [5128] initializeApp(DEFAULT) {"storageBucket":"bakely-server.appspot.com","databaseURL":"https://bakely-server-default-rtdb.firebaseio.com","projectId":"bakely-server"} {"metadata":{"emulator":{"name":"functions"},"message":"[runtime-status] [5128] initializeApp(DEFAULT) {\"storageBucket\":\"bakely-server.appspot.com\",\"databaseURL\":\"https://bakely-server-default-rtdb.firebaseio.com\",\"projectId\":\"bakely-server\"}"}}
[debug] [2021-04-19T23:44:49.794Z] addAuthTrigger {"eventTrigger":{"resource":"projects/bakely-server","eventType":"providers/firebase.auth/eventTypes/user.create","service":"firebaseauth.googleapis.com"}}
[info] +  functions[createStripeCustomer]: auth function initialized. {"metadata":{"emulator":{"name":"functions"},"message":"\u001b[1mauth\u001b[22m function initialized."}}
[info] +  functions[handleTransaction]: http function initialized (http://localhost:5001/bakely-server/us-central1/handleTransaction). {"metadata":{"emulator":{"name":"functions"},"message":"\u001b[1mhttp\u001b[22m function initialized (http://localhost:5001/bakely-server/us-central1/handleTransaction)."}}
[info] +  functions[authorizeStripe]: http function initialized (http://localhost:5001/bakely-server/us-central1/authorizeStripe). {"metadata":{"emulator":{"name":"functions"},"message":"\u001b[1mhttp\u001b[22m function initialized (http://localhost:5001/bakely-server/us-central1/authorizeStripe)."}}
[info] +  functions[preAuthorizeCharge]: http function initialized (http://localhost:5001/bakely-server/us-central1/preAuthorizeCharge). {"metadata":{"emulator":{"name":"functions"},"message":"\u001b[1mhttp\u001b[22m function initialized (http://localhost:5001/bakely-server/us-central1/preAuthorizeCharge)."}}
[info] i  functions[addPaymentMethodDetails]: function ignored because the firestore emulator does not exist or is not running. {"metadata":{"emulator":{"name":"functions"},"message":"function ignored because the firestore emulator does not exist or is not running."}}
[info] i  functions[createStripePayment]: function ignored because the firestore emulator does not exist or is not running. {"metadata":{"emulator":{"name":"functions"},"message":"function ignored because the firestore emulator does not exist or is not running."}}
[info] i  functions[confirmStripePayment]: function ignored because the firestore emulator does not exist or is not running. {"metadata":{"emulator":{"name":"functions"},"message":"function ignored because the firestore emulator does not exist or is not running."}}
[debug] [2021-04-19T23:44:49.811Z] addAuthTrigger {"eventTrigger":{"resource":"projects/bakely-server","eventType":"providers/firebase.auth/eventTypes/user.delete","service":"firebaseauth.googleapis.com"}}
[info] +  functions[cleanupUser]: auth function initialized. {"metadata":{"emulator":{"name":"functions"},"message":"\u001b[1mauth\u001b[22m function initialized."}}
[info] 
┌─────────────────────────────────────────────────────────────┐
│ ✔  All emulators ready! It is now safe to connect your app. │
│ i  View Emulator UI at http://localhost:4000                │
└─────────────────────────────────────────────────────────────┘

┌───────────┬────────────────┬─────────────────────────────────┐
│ Emulator  │ Host:Port      │ View in Emulator UI             │
├───────────┼────────────────┼─────────────────────────────────┤
│ Functions │ localhost:5001 │ http://localhost:4000/functions │
└───────────┴────────────────┴─────────────────────────────────┘
  Emulator Hub running at localhost:4400
  Other reserved ports: 4500

Issues? Report them at https://github.com/firebase/firebase-tools/issues and attach the *-debug.log files.
 
[debug] [2021-04-19T23:44:49.826Z] [worker-~diagnostic~-7cc49fd3-32fa-4ee9-9452-1432d32fb305]: IDLE {"metadata":{"emulator":{"name":"functions"},"message":"[worker-~diagnostic~-7cc49fd3-32fa-4ee9-9452-1432d32fb305]: IDLE"}}
[debug] [2021-04-19T23:45:27.421Z] File C:\Users\Livin\Documents\GitHub\Bakely\bakely-react\functions\index.js changed, reloading triggers {"metadata":{"emulator":{"name":"functions"},"message":"File C:\\Users\\Livin\\Documents\\GitHub\\Bakely\\bakely-react\\functions\\index.js changed, reloading triggers"}}
[debug] [2021-04-19T23:45:28.426Z] [worker-pool] Shutting down IDLE worker (~diagnostic~) {"metadata":{"emulator":{"name":"functions"},"message":"[worker-pool] Shutting down IDLE worker (~diagnostic~)"}}
[debug] [2021-04-19T23:45:28.427Z] [worker-~diagnostic~-7cc49fd3-32fa-4ee9-9452-1432d32fb305]: FINISHING {"metadata":{"emulator":{"name":"functions"},"message":"[worker-~diagnostic~-7cc49fd3-32fa-4ee9-9452-1432d32fb305]: FINISHING"}}
[debug] [2021-04-19T23:45:28.451Z] [worker-pool] addWorker(~diagnostic~) {"metadata":{"emulator":{"name":"functions"},"message":"[worker-pool] addWorker(~diagnostic~)"}}
[debug] [2021-04-19T23:45:28.452Z] [worker-pool] Adding worker with key ~diagnostic~, total=2 {"metadata":{"emulator":{"name":"functions"},"message":"[worker-pool] Adding worker with key ~diagnostic~, total=2"}}
[debug] [2021-04-19T23:45:28.452Z] [worker-pool] submitWork(triggerId=) {"metadata":{"emulator":{"name":"functions"},"message":"[worker-pool] submitWork(triggerId=)"}}
[debug] [2021-04-19T23:45:28.453Z] [worker-~diagnostic~-562d79da-32b7-4a95-8ec3-7798c10561d2]: Assigning socketPath: \\?\pipe\C:\Users\Livin\Documents\GitHub\Bakely\bakely-react\functions\6656 {"metadata":{"emulator":{"name":"functions"},"message":"[worker-~diagnostic~-562d79da-32b7-4a95-8ec3-7798c10561d2]: Assigning socketPath: \\\\?\\pipe\\C:\\Users\\Livin\\Documents\\GitHub\\Bakely\\bakely-react\\functions\\6656"}}
[debug] [2021-04-19T23:45:28.453Z] [worker-~diagnostic~-562d79da-32b7-4a95-8ec3-7798c10561d2]: BUSY {"metadata":{"emulator":{"name":"functions"},"message":"[worker-~diagnostic~-562d79da-32b7-4a95-8ec3-7798c10561d2]: BUSY"}}
[debug] [2021-04-19T23:45:28.458Z] [worker-~diagnostic~-7cc49fd3-32fa-4ee9-9452-1432d32fb305]: exited {"metadata":{"emulator":{"name":"functions"},"message":"[worker-~diagnostic~-7cc49fd3-32fa-4ee9-9452-1432d32fb305]: exited"}}
[debug] [2021-04-19T23:45:28.459Z] [worker-~diagnostic~-7cc49fd3-32fa-4ee9-9452-1432d32fb305]: FINISHED {"metadata":{"emulator":{"name":"functions"},"message":"[worker-~diagnostic~-7cc49fd3-32fa-4ee9-9452-1432d32fb305]: FINISHED"}}
[debug] [2021-04-19T23:45:30.007Z] [runtime-status] [6656] Functions runtime initialized. {"cwd":"C:\\Users\\Livin\\Documents\\GitHub\\Bakely\\bakely-react\\functions","node_version":"14.16.0"} {"metadata":{"emulator":{"name":"functions"},"message":"[runtime-status] [6656] Functions runtime initialized. {\"cwd\":\"C:\\\\Users\\\\Livin\\\\Documents\\\\GitHub\\\\Bakely\\\\bakely-react\\\\functions\",\"node_version\":\"14.16.0\"}"}}
[debug] [2021-04-19T23:45:30.015Z] [runtime-status] [6656] Disabled runtime features: undefined {"metadata":{"emulator":{"name":"functions"},"message":"[runtime-status] [6656] Disabled runtime features: undefined"}}
[debug] [2021-04-19T23:45:30.043Z] [runtime-status] [6656] Resolved module firebase-admin {"declared":true,"installed":true,"version":"9.5.0","resolution":"C:\\Users\\Livin\\Documents\\GitHub\\Bakely\\bakely-react\\functions\\node_modules\\firebase-admin\\lib\\index.js"} {"metadata":{"emulator":{"name":"functions"},"message":"[runtime-status] [6656] Resolved module firebase-admin {\"declared\":true,\"installed\":true,\"version\":\"9.5.0\",\"resolution\":\"C:\\\\Users\\\\Livin\\\\Documents\\\\GitHub\\\\Bakely\\\\bakely-react\\\\functions\\\\node_modules\\\\firebase-admin\\\\lib\\\\index.js\"}"}}
[debug] [2021-04-19T23:45:30.052Z] [runtime-status] [6656] Resolved module firebase-functions {"declared":true,"installed":true,"version":"3.13.2","resolution":"C:\\Users\\Livin\\Documents\\GitHub\\Bakely\\bakely-react\\functions\\node_modules\\firebase-functions\\lib\\index.js"} {"metadata":{"emulator":{"name":"functions"},"message":"[runtime-status] [6656] Resolved module firebase-functions {\"declared\":true,\"installed\":true,\"version\":\"3.13.2\",\"resolution\":\"C:\\\\Users\\\\Livin\\\\Documents\\\\GitHub\\\\Bakely\\\\bakely-react\\\\functions\\\\node_modules\\\\firebase-functions\\\\lib\\\\index.js\"}"}}
[debug] [2021-04-19T23:45:30.057Z] [runtime-status] [6656] Resolved module firebase-functions {"declared":true,"installed":true,"version":"3.13.2","resolution":"C:\\Users\\Livin\\Documents\\GitHub\\Bakely\\bakely-react\\functions\\node_modules\\firebase-functions\\lib\\index.js"} {"metadata":{"emulator":{"name":"functions"},"message":"[runtime-status] [6656] Resolved module firebase-functions {\"declared\":true,\"installed\":true,\"version\":\"3.13.2\",\"resolution\":\"C:\\\\Users\\\\Livin\\\\Documents\\\\GitHub\\\\Bakely\\\\bakely-react\\\\functions\\\\node_modules\\\\firebase-functions\\\\lib\\\\index.js\"}"}}
[debug] [2021-04-19T23:45:30.061Z] [runtime-status] [6656] Outgoing network have been stubbed. [{"name":"http","status":"mocked"},{"name":"http","status":"mocked"},{"name":"https","status":"mocked"},{"name":"https","status":"mocked"},{"name":"net","status":"mocked"}] {"metadata":{"emulator":{"name":"functions"},"message":"[runtime-status] [6656] Outgoing network have been stubbed. [{\"name\":\"http\",\"status\":\"mocked\"},{\"name\":\"http\",\"status\":\"mocked\"},{\"name\":\"https\",\"status\":\"mocked\"},{\"name\":\"https\",\"status\":\"mocked\"},{\"name\":\"net\",\"status\":\"mocked\"}]"}}
[debug] [2021-04-19T23:45:30.062Z] [runtime-status] [6656] Resolved module firebase-functions {"declared":true,"installed":true,"version":"3.13.2","resolution":"C:\\Users\\Livin\\Documents\\GitHub\\Bakely\\bakely-react\\functions\\node_modules\\firebase-functions\\lib\\index.js"} {"metadata":{"emulator":{"name":"functions"},"message":"[runtime-status] [6656] Resolved module firebase-functions {\"declared\":true,\"installed\":true,\"version\":\"3.13.2\",\"resolution\":\"C:\\\\Users\\\\Livin\\\\Documents\\\\GitHub\\\\Bakely\\\\bakely-react\\\\functions\\\\node_modules\\\\firebase-functions\\\\lib\\\\index.js\"}"}}
[debug] [2021-04-19T23:45:30.208Z] [runtime-status] [6656] Checked functions.config() {"config":{}} {"metadata":{"emulator":{"name":"functions"},"message":"[runtime-status] [6656] Checked functions.config() {\"config\":{}}"}}
[debug] [2021-04-19T23:45:30.209Z] [runtime-status] [6656] firebase-functions has been stubbed. {"functionsResolution":{"declared":true,"installed":true,"version":"3.13.2","resolution":"C:\\Users\\Livin\\Documents\\GitHub\\Bakely\\bakely-react\\functions\\node_modules\\firebase-functions\\lib\\index.js"}} {"metadata":{"emulator":{"name":"functions"},"message":"[runtime-status] [6656] firebase-functions has been stubbed. {\"functionsResolution\":{\"declared\":true,\"installed\":true,\"version\":\"3.13.2\",\"resolution\":\"C:\\\\Users\\\\Livin\\\\Documents\\\\GitHub\\\\Bakely\\\\bakely-react\\\\functions\\\\node_modules\\\\firebase-functions\\\\lib\\\\index.js\"}}"}}
[debug] [2021-04-19T23:45:30.211Z] [runtime-status] [6656] Resolved module firebase-functions {"declared":true,"installed":true,"version":"3.13.2","resolution":"C:\\Users\\Livin\\Documents\\GitHub\\Bakely\\bakely-react\\functions\\node_modules\\firebase-functions\\lib\\index.js"} {"metadata":{"emulator":{"name":"functions"},"message":"[runtime-status] [6656] Resolved module firebase-functions {\"declared\":true,\"installed\":true,\"version\":\"3.13.2\",\"resolution\":\"C:\\\\Users\\\\Livin\\\\Documents\\\\GitHub\\\\Bakely\\\\bakely-react\\\\functions\\\\node_modules\\\\firebase-functions\\\\lib\\\\index.js\"}"}}
[debug] [2021-04-19T23:45:30.219Z] [runtime-status] [6656] Resolved module firebase-admin {"declared":true,"installed":true,"version":"9.5.0","resolution":"C:\\Users\\Livin\\Documents\\GitHub\\Bakely\\bakely-react\\functions\\node_modules\\firebase-admin\\lib\\index.js"} {"metadata":{"emulator":{"name":"functions"},"message":"[runtime-status] [6656] Resolved module firebase-admin {\"declared\":true,\"installed\":true,\"version\":\"9.5.0\",\"resolution\":\"C:\\\\Users\\\\Livin\\\\Documents\\\\GitHub\\\\Bakely\\\\bakely-react\\\\functions\\\\node_modules\\\\firebase-admin\\\\lib\\\\index.js\"}"}}
[debug] [2021-04-19T23:45:30.222Z] [runtime-status] [6656] Resolved module firebase-functions {"declared":true,"installed":true,"version":"3.13.2","resolution":"C:\\Users\\Livin\\Documents\\GitHub\\Bakely\\bakely-react\\functions\\node_modules\\firebase-functions\\lib\\index.js"} {"metadata":{"emulator":{"name":"functions"},"message":"[runtime-status] [6656] Resolved module firebase-functions {\"declared\":true,\"installed\":true,\"version\":\"3.13.2\",\"resolution\":\"C:\\\\Users\\\\Livin\\\\Documents\\\\GitHub\\\\Bakely\\\\bakely-react\\\\functions\\\\node_modules\\\\firebase-functions\\\\lib\\\\index.js\"}"}}
[debug] [2021-04-19T23:45:30.223Z] [runtime-status] [6656] firebase-admin has been stubbed. {"adminResolution":{"declared":true,"installed":true,"version":"9.5.0","resolution":"C:\\Users\\Livin\\Documents\\GitHub\\Bakely\\bakely-react\\functions\\node_modules\\firebase-admin\\lib\\index.js"}} {"metadata":{"emulator":{"name":"functions"},"message":"[runtime-status] [6656] firebase-admin has been stubbed. {\"adminResolution\":{\"declared\":true,\"installed\":true,\"version\":\"9.5.0\",\"resolution\":\"C:\\\\Users\\\\Livin\\\\Documents\\\\GitHub\\\\Bakely\\\\bakely-react\\\\functions\\\\node_modules\\\\firebase-admin\\\\lib\\\\index.js\"}}"}}
[debug] [2021-04-19T23:45:30.232Z] [runtime-status] [6656] initializeApp(DEFAULT) {"storageBucket":"bakely-server.appspot.com","databaseURL":"https://bakely-server-default-rtdb.firebaseio.com","projectId":"bakely-server"} {"metadata":{"emulator":{"name":"functions"},"message":"[runtime-status] [6656] initializeApp(DEFAULT) {\"storageBucket\":\"bakely-server.appspot.com\",\"databaseURL\":\"https://bakely-server-default-rtdb.firebaseio.com\",\"projectId\":\"bakely-server\"}"}}
[debug] [2021-04-19T23:45:31.443Z] File C:\Users\Livin\Documents\GitHub\Bakely\bakely-react\functions\index.js changed, reloading triggers {"metadata":{"emulator":{"name":"functions"},"message":"File C:\\Users\\Livin\\Documents\\GitHub\\Bakely\\bakely-react\\functions\\index.js changed, reloading triggers"}}
[debug] [2021-04-19T23:45:32.445Z] [worker-pool] Marking BUSY worker to finish (~diagnostic~) {"metadata":{"emulator":{"name":"functions"},"message":"[worker-pool] Marking BUSY worker to finish (~diagnostic~)"}}
[debug] [2021-04-19T23:45:32.445Z] [worker-~diagnostic~-562d79da-32b7-4a95-8ec3-7798c10561d2]: FINISHING {"metadata":{"emulator":{"name":"functions"},"message":"[worker-~diagnostic~-562d79da-32b7-4a95-8ec3-7798c10561d2]: FINISHING"}}
[debug] [2021-04-19T23:45:32.446Z] [worker-pool] Cleaned up workers for ~diagnostic~: 2 --> 1 {"metadata":{"emulator":{"name":"functions"},"message":"[worker-pool] Cleaned up workers for ~diagnostic~: 2 --> 1"}}
[debug] [2021-04-19T23:45:32.468Z] [worker-pool] addWorker(~diagnostic~) {"metadata":{"emulator":{"name":"functions"},"message":"[worker-pool] addWorker(~diagnostic~)"}}
[debug] [2021-04-19T23:45:32.469Z] [worker-pool] Adding worker with key ~diagnostic~, total=2 {"metadata":{"emulator":{"name":"functions"},"message":"[worker-pool] Adding worker with key ~diagnostic~, total=2"}}
[debug] [2021-04-19T23:45:32.469Z] [worker-pool] submitWork(triggerId=) {"metadata":{"emulator":{"name":"functions"},"message":"[worker-pool] submitWork(triggerId=)"}}
[debug] [2021-04-19T23:45:32.471Z] [worker-~diagnostic~-381c9110-4048-42cf-b0b6-76f100487c72]: Assigning socketPath: \\?\pipe\C:\Users\Livin\Documents\GitHub\Bakely\bakely-react\functions\13568 {"metadata":{"emulator":{"name":"functions"},"message":"[worker-~diagnostic~-381c9110-4048-42cf-b0b6-76f100487c72]: Assigning socketPath: \\\\?\\pipe\\C:\\Users\\Livin\\Documents\\GitHub\\Bakely\\bakely-react\\functions\\13568"}}
[debug] [2021-04-19T23:45:32.471Z] [worker-~diagnostic~-381c9110-4048-42cf-b0b6-76f100487c72]: BUSY {"metadata":{"emulator":{"name":"functions"},"message":"[worker-~diagnostic~-381c9110-4048-42cf-b0b6-76f100487c72]: BUSY"}}
[warn] !  It looks like you're trying to access functions.config().stripe but there is no value there. You can learn more about setting up config here: https://firebase.google.com/docs/functions/local-emulator {"metadata":{"emulator":{"name":"functions"},"message":"It looks like you're trying to access functions.config().stripe but there is no value there. You can learn more about setting up config here: https://firebase.google.com/docs/functions/local-emulator"}}
[warn] !  TypeError: Cannot read property 'secret' of undefined
    at Object.<anonymous> (C:\Users\Livin\Documents\GitHub\Bakely\bakely-react\functions\index.js:13:52)
    at Module._compile (internal/modules/cjs/loader.js:1063:30)
    at Object.Module._extensions..js (internal/modules/cjs/loader.js:1092:10)
    at Module.load (internal/modules/cjs/loader.js:928:32)
    at Function.Module._load (internal/modules/cjs/loader.js:769:14)
    at Module.require (internal/modules/cjs/loader.js:952:19)
    at require (internal/modules/cjs/helpers.js:88:18)
    at initializeRuntime (C:\Users\Livin\AppData\Roaming\npm\node_modules\firebase-tools\lib\emulator\functionsEmulatorRuntime.js:680:29)
    at processTicksAndRejections (internal/process/task_queues.js:93:5)
    at async handleMessage (C:\Users\Livin\AppData\Roaming\npm\node_modules\firebase-tools\lib\emulator\functionsEmulatorRuntime.js:718:20) {"metadata":{"emulator":{"name":"functions"},"message":"TypeError: Cannot read property 'secret' of undefined\n    at Object.<anonymous> (C:\\Users\\Livin\\Documents\\GitHub\\Bakely\\bakely-react\\functions\\index.js:13:52)\n    at Module._compile (internal/modules/cjs/loader.js:1063:30)\n    at Object.Module._extensions..js (internal/modules/cjs/loader.js:1092:10)\n    at Module.load (internal/modules/cjs/loader.js:928:32)\n    at Function.Module._load (internal/modules/cjs/loader.js:769:14)\n    at Module.require (internal/modules/cjs/loader.js:952:19)\n    at require (internal/modules/cjs/helpers.js:88:18)\n    at initializeRuntime (C:\\Users\\Livin\\AppData\\Roaming\\npm\\node_modules\\firebase-tools\\lib\\emulator\\functionsEmulatorRuntime.js:680:29)\n    at processTicksAndRejections (internal/process/task_queues.js:93:5)\n    at async handleMessage (C:\\Users\\Livin\\AppData\\Roaming\\npm\\node_modules\\firebase-tools\\lib\\emulator\\functionsEmulatorRuntime.js:718:20)"}}
[warn] !  We were unable to load your functions code. (see above) {"metadata":{"emulator":{"name":"functions"}}}
[debug] [2021-04-19T23:45:33.414Z] [worker-~diagnostic~-562d79da-32b7-4a95-8ec3-7798c10561d2]: exited {"metadata":{"emulator":{"name":"functions"},"message":"[worker-~diagnostic~-562d79da-32b7-4a95-8ec3-7798c10561d2]: exited"}}
[debug] [2021-04-19T23:45:33.415Z] [worker-~diagnostic~-562d79da-32b7-4a95-8ec3-7798c10561d2]: FINISHED {"metadata":{"emulator":{"name":"functions"},"message":"[worker-~diagnostic~-562d79da-32b7-4a95-8ec3-7798c10561d2]: FINISHED"}}
[debug] [2021-04-19T23:45:33.896Z] [runtime-status] [13568] Functions runtime initialized. {"cwd":"C:\\Users\\Livin\\Documents\\GitHub\\Bakely\\bakely-react\\functions","node_version":"14.16.0"} {"metadata":{"emulator":{"name":"functions"},"message":"[runtime-status] [13568] Functions runtime initialized. {\"cwd\":\"C:\\\\Users\\\\Livin\\\\Documents\\\\GitHub\\\\Bakely\\\\bakely-react\\\\functions\",\"node_version\":\"14.16.0\"}"}}
[debug] [2021-04-19T23:45:33.900Z] [runtime-status] [13568] Disabled runtime features: undefined {"metadata":{"emulator":{"name":"functions"},"message":"[runtime-status] [13568] Disabled runtime features: undefined"}}
[debug] [2021-04-19T23:45:33.916Z] [runtime-status] [13568] Resolved module firebase-admin {"declared":true,"installed":true,"version":"9.5.0","resolution":"C:\\Users\\Livin\\Documents\\GitHub\\Bakely\\bakely-react\\functions\\node_modules\\firebase-admin\\lib\\index.js"} {"metadata":{"emulator":{"name":"functions"},"message":"[runtime-status] [13568] Resolved module firebase-admin {\"declared\":true,\"installed\":true,\"version\":\"9.5.0\",\"resolution\":\"C:\\\\Users\\\\Livin\\\\Documents\\\\GitHub\\\\Bakely\\\\bakely-react\\\\functions\\\\node_modules\\\\firebase-admin\\\\lib\\\\index.js\"}"}}
[debug] [2021-04-19T23:45:33.929Z] [runtime-status] [13568] Resolved module firebase-functions {"declared":true,"installed":true,"version":"3.13.2","resolution":"C:\\Users\\Livin\\Documents\\GitHub\\Bakely\\bakely-react\\functions\\node_modules\\firebase-functions\\lib\\index.js"} {"metadata":{"emulator":{"name":"functions"},"message":"[runtime-status] [13568] Resolved module firebase-functions {\"declared\":true,\"installed\":true,\"version\":\"3.13.2\",\"resolution\":\"C:\\\\Users\\\\Livin\\\\Documents\\\\GitHub\\\\Bakely\\\\bakely-react\\\\functions\\\\node_modules\\\\firebase-functions\\\\lib\\\\index.js\"}"}}
[debug] [2021-04-19T23:45:33.937Z] [runtime-status] [13568] Resolved module firebase-functions {"declared":true,"installed":true,"version":"3.13.2","resolution":"C:\\Users\\Livin\\Documents\\GitHub\\Bakely\\bakely-react\\functions\\node_modules\\firebase-functions\\lib\\index.js"} {"metadata":{"emulator":{"name":"functions"},"message":"[runtime-status] [13568] Resolved module firebase-functions {\"declared\":true,\"installed\":true,\"version\":\"3.13.2\",\"resolution\":\"C:\\\\Users\\\\Livin\\\\Documents\\\\GitHub\\\\Bakely\\\\bakely-react\\\\functions\\\\node_modules\\\\firebase-functions\\\\lib\\\\index.js\"}"}}
[debug] [2021-04-19T23:45:33.943Z] [runtime-status] [13568] Outgoing network have been stubbed. [{"name":"http","status":"mocked"},{"name":"http","status":"mocked"},{"name":"https","status":"mocked"},{"name":"https","status":"mocked"},{"name":"net","status":"mocked"}] {"metadata":{"emulator":{"name":"functions"},"message":"[runtime-status] [13568] Outgoing network have been stubbed. [{\"name\":\"http\",\"status\":\"mocked\"},{\"name\":\"http\",\"status\":\"mocked\"},{\"name\":\"https\",\"status\":\"mocked\"},{\"name\":\"https\",\"status\":\"mocked\"},{\"name\":\"net\",\"status\":\"mocked\"}]"}}
[debug] [2021-04-19T23:45:33.947Z] [runtime-status] [13568] Resolved module firebase-functions {"declared":true,"installed":true,"version":"3.13.2","resolution":"C:\\Users\\Livin\\Documents\\GitHub\\Bakely\\bakely-react\\functions\\node_modules\\firebase-functions\\lib\\index.js"} {"metadata":{"emulator":{"name":"functions"},"message":"[runtime-status] [13568] Resolved module firebase-functions {\"declared\":true,\"installed\":true,\"version\":\"3.13.2\",\"resolution\":\"C:\\\\Users\\\\Livin\\\\Documents\\\\GitHub\\\\Bakely\\\\bakely-react\\\\functions\\\\node_modules\\\\firebase-functions\\\\lib\\\\index.js\"}"}}
[debug] [2021-04-19T23:45:34.183Z] [runtime-status] [13568] Checked functions.config() {"config":{}} {"metadata":{"emulator":{"name":"functions"},"message":"[runtime-status] [13568] Checked functions.config() {\"config\":{}}"}}
[debug] [2021-04-19T23:45:34.184Z] [runtime-status] [13568] firebase-functions has been stubbed. {"functionsResolution":{"declared":true,"installed":true,"version":"3.13.2","resolution":"C:\\Users\\Livin\\Documents\\GitHub\\Bakely\\bakely-react\\functions\\node_modules\\firebase-functions\\lib\\index.js"}} {"metadata":{"emulator":{"name":"functions"},"message":"[runtime-status] [13568] firebase-functions has been stubbed. {\"functionsResolution\":{\"declared\":true,\"installed\":true,\"version\":\"3.13.2\",\"resolution\":\"C:\\\\Users\\\\Livin\\\\Documents\\\\GitHub\\\\Bakely\\\\bakely-react\\\\functions\\\\node_modules\\\\firebase-functions\\\\lib\\\\index.js\"}}"}}
[debug] [2021-04-19T23:45:34.187Z] [runtime-status] [13568] Resolved module firebase-functions {"declared":true,"installed":true,"version":"3.13.2","resolution":"C:\\Users\\Livin\\Documents\\GitHub\\Bakely\\bakely-react\\functions\\node_modules\\firebase-functions\\lib\\index.js"} {"metadata":{"emulator":{"name":"functions"},"message":"[runtime-status] [13568] Resolved module firebase-functions {\"declared\":true,\"installed\":true,\"version\":\"3.13.2\",\"resolution\":\"C:\\\\Users\\\\Livin\\\\Documents\\\\GitHub\\\\Bakely\\\\bakely-react\\\\functions\\\\node_modules\\\\firebase-functions\\\\lib\\\\index.js\"}"}}
[debug] [2021-04-19T23:45:34.194Z] [runtime-status] [13568] Resolved module firebase-admin {"declared":true,"installed":true,"version":"9.5.0","resolution":"C:\\Users\\Livin\\Documents\\GitHub\\Bakely\\bakely-react\\functions\\node_modules\\firebase-admin\\lib\\index.js"} {"metadata":{"emulator":{"name":"functions"},"message":"[runtime-status] [13568] Resolved module firebase-admin {\"declared\":true,\"installed\":true,\"version\":\"9.5.0\",\"resolution\":\"C:\\\\Users\\\\Livin\\\\Documents\\\\GitHub\\\\Bakely\\\\bakely-react\\\\functions\\\\node_modules\\\\firebase-admin\\\\lib\\\\index.js\"}"}}
[debug] [2021-04-19T23:45:34.198Z] [runtime-status] [13568] Resolved module firebase-functions {"declared":true,"installed":true,"version":"3.13.2","resolution":"C:\\Users\\Livin\\Documents\\GitHub\\Bakely\\bakely-react\\functions\\node_modules\\firebase-functions\\lib\\index.js"} {"metadata":{"emulator":{"name":"functions"},"message":"[runtime-status] [13568] Resolved module firebase-functions {\"declared\":true,\"installed\":true,\"version\":\"3.13.2\",\"resolution\":\"C:\\\\Users\\\\Livin\\\\Documents\\\\GitHub\\\\Bakely\\\\bakely-react\\\\functions\\\\node_modules\\\\firebase-functions\\\\lib\\\\index.js\"}"}}
[debug] [2021-04-19T23:45:34.199Z] [runtime-status] [13568] firebase-admin has been stubbed. {"adminResolution":{"declared":true,"installed":true,"version":"9.5.0","resolution":"C:\\Users\\Livin\\Documents\\GitHub\\Bakely\\bakely-react\\functions\\node_modules\\firebase-admin\\lib\\index.js"}} {"metadata":{"emulator":{"name":"functions"},"message":"[runtime-status] [13568] firebase-admin has been stubbed. {\"adminResolution\":{\"declared\":true,\"installed\":true,\"version\":\"9.5.0\",\"resolution\":\"C:\\\\Users\\\\Livin\\\\Documents\\\\GitHub\\\\Bakely\\\\bakely-react\\\\functions\\\\node_modules\\\\firebase-admin\\\\lib\\\\index.js\"}}"}}
[debug] [2021-04-19T23:45:34.212Z] [runtime-status] [13568] initializeApp(DEFAULT) {"storageBucket":"bakely-server.appspot.com","databaseURL":"https://bakely-server-default-rtdb.firebaseio.com","projectId":"bakely-server"} {"metadata":{"emulator":{"name":"functions"},"message":"[runtime-status] [13568] initializeApp(DEFAULT) {\"storageBucket\":\"bakely-server.appspot.com\",\"databaseURL\":\"https://bakely-server-default-rtdb.firebaseio.com\",\"projectId\":\"bakely-server\"}"}}
[warn] !  TypeError: Cannot read property 'secret' of undefined
    at Object.<anonymous> (C:\Users\Livin\Documents\GitHub\Bakely\bakely-react\functions\index.js:13:52)
    at Module._compile (internal/modules/cjs/loader.js:1063:30)
    at Object.Module._extensions..js (internal/modules/cjs/loader.js:1092:10)
    at Module.load (internal/modules/cjs/loader.js:928:32)
    at Function.Module._load (internal/modules/cjs/loader.js:769:14)
    at Module.require (internal/modules/cjs/loader.js:952:19)
    at require (internal/modules/cjs/helpers.js:88:18)
    at initializeRuntime (C:\Users\Livin\AppData\Roaming\npm\node_modules\firebase-tools\lib\emulator\functionsEmulatorRuntime.js:680:29)
    at processTicksAndRejections (internal/process/task_queues.js:93:5)
    at async handleMessage (C:\Users\Livin\AppData\Roaming\npm\node_modules\firebase-tools\lib\emulator\functionsEmulatorRuntime.js:718:20) {"metadata":{"emulator":{"name":"functions"},"message":"TypeError: Cannot read property 'secret' of undefined\n    at Object.<anonymous> (C:\\Users\\Livin\\Documents\\GitHub\\Bakely\\bakely-react\\functions\\index.js:13:52)\n    at Module._compile (internal/modules/cjs/loader.js:1063:30)\n    at Object.Module._extensions..js (internal/modules/cjs/loader.js:1092:10)\n    at Module.load (internal/modules/cjs/loader.js:928:32)\n    at Function.Module._load (internal/modules/cjs/loader.js:769:14)\n    at Module.require (internal/modules/cjs/loader.js:952:19)\n    at require (internal/modules/cjs/helpers.js:88:18)\n    at initializeRuntime (C:\\Users\\Livin\\AppData\\Roaming\\npm\\node_modules\\firebase-tools\\lib\\emulator\\functionsEmulatorRuntime.js:680:29)\n    at processTicksAndRejections (internal/process/task_queues.js:93:5)\n    at async handleMessage (C:\\Users\\Livin\\AppData\\Roaming\\npm\\node_modules\\firebase-tools\\lib\\emulator\\functionsEmulatorRuntime.js:718:20)"}}
[warn] !  We were unable to load your functions code. (see above) {"metadata":{"emulator":{"name":"functions"}}}
[debug] [2021-04-19T23:45:37.888Z] [worker-~diagnostic~-381c9110-4048-42cf-b0b6-76f100487c72]: exited {"metadata":{"emulator":{"name":"functions"},"message":"[worker-~diagnostic~-381c9110-4048-42cf-b0b6-76f100487c72]: exited"}}
[debug] [2021-04-19T23:45:37.888Z] [worker-~diagnostic~-381c9110-4048-42cf-b0b6-76f100487c72]: FINISHED {"metadata":{"emulator":{"name":"functions"},"message":"[worker-~diagnostic~-381c9110-4048-42cf-b0b6-76f100487c72]: FINISHED"}}
